#-----------------------------------------------------------
# Vivado v2019.1 (64-bit)
# SW Build 2552052 on Fri May 24 14:49:42 MDT 2019
# IP Build 2548770 on Fri May 24 18:01:18 MDT 2019
# Start of session at: Mon Nov 11 14:08:40 2019
# Process ID: 15200
# Current directory: C:/Users/JAY/Downloads/THE_ENDGAME_FPGA/FPGA_IMPLEMENTATION_ENDGAME
# Command line: vivado.exe -gui_launcher_event rodinguilauncherevent7492 C:\Users\JAY\Downloads\THE_ENDGAME_FPGA\FPGA_IMPLEMENTATION_ENDGAME\FPGA_IMPLEMENTATION_ENDGAME.xpr
# Log file: C:/Users/JAY/Downloads/THE_ENDGAME_FPGA/FPGA_IMPLEMENTATION_ENDGAME/vivado.log
# Journal file: C:/Users/JAY/Downloads/THE_ENDGAME_FPGA/FPGA_IMPLEMENTATION_ENDGAME\vivado.jou
#-----------------------------------------------------------
start_gui
open_project C:/Users/JAY/Downloads/THE_ENDGAME_FPGA/FPGA_IMPLEMENTATION_ENDGAME/FPGA_IMPLEMENTATION_ENDGAME.xpr
INFO: [Project 1-313] Project file moved from 'C:/Users/RAGHAV/Desktop/DS Project/THE_ENDGAME_FPGA/FPGA_IMPLEMENTATION_ENDGAME' since last save.
Scanning sources...
Finished scanning sources
INFO: [IP_Flow 19-234] Refreshing IP repositories
INFO: [IP_Flow 19-1704] No user IP repositories specified
INFO: [IP_Flow 19-2313] Loaded Vivado IP repository 'C:/Xilinx/Vivado/2019.1/data/ip'.
open_project: Time (s): cpu = 00:00:14 ; elapsed = 00:00:08 . Memory (MB): peak = 784.582 ; gain = 133.469
update_compile_order -fileset sources_1
exit
INFO: [Common 17-206] Exiting Vivado at Mon Nov 11 16:26:48 2019...
